data
oracles
options
quest.dat
rumors
engrave
epitaph
bogusmon
tribute
help
porthelp
hh
cmdhelp
keyhelp
history
opthelp
wizhelp
dungeon
license
air.lev
Arc-fila.lev
Arc-filb.lev
Arc-goal.lev
Arc-loca.lev
Arc-strt.lev
asmodeus.lev
astral.lev
baalz.lev
Bar-fila.lev
Bar-filb.lev
Bar-goal.lev
Bar-loca.lev
Bar-strt.lev
bigrm-1.lev
bigrm-10.lev
bigrm-2.lev
bigrm-3.lev
bigrm-4.lev
bigrm-5.lev
bigrm-6.lev
bigrm-7.lev
bigrm-8.lev
bigrm-9.lev
castle.lev
Cav-fila.lev
Cav-filb.lev
Cav-goal.lev
Cav-loca.lev
Cav-strt.lev
earth.lev
fire.lev
Hea-fila.lev
Hea-filb.lev
Hea-goal.lev
Hea-loca.lev
Hea-strt.lev
juiblex.lev
Kni-fila.lev
Kni-filb.lev
Kni-goal.lev
Kni-loca.lev
Kni-strt.lev
knox.lev
medusa-1.lev
medusa-2.lev
medusa-3.lev
medusa-4.lev
minefill.lev
minend-1.lev
minend-2.lev
minend-3.lev
minetn-1.lev
minetn-2.lev
minetn-3.lev
minetn-4.lev
minetn-5.lev
minetn-6.lev
minetn-7.lev
Mon-loca.lev
Mon-strt.lev
orcus.lev
sanctum.lev
valley.lev
water.lev
